Performing C SOURCE FILE Test CMAKE_HAVE_LIBC_PTHREAD failed with the following output:
Change Dir: /home/jh/gradius/CMakeFiles/CMakeTmp

Run Build Command(s):/usr/bin/make cmTC_3400c/fast && /usr/bin/make -f CMakeFiles/cmTC_3400c.dir/build.make CMakeFiles/cmTC_3400c.dir/build
make[1]: Entering directory '/home/jh/gradius/CMakeFiles/CMakeTmp'
Building C object CMakeFiles/cmTC_3400c.dir/src.c.o
/usr/bin/cc   -DCMAKE_HAVE_LIBC_PTHREAD   -o CMakeFiles/cmTC_3400c.dir/src.c.o   -c /home/jh/gradius/CMakeFiles/CMakeTmp/src.c
Linking C executable cmTC_3400c
/usr/bin/cmake -E cmake_link_script CMakeFiles/cmTC_3400c.dir/link.txt --verbose=1
/usr/bin/cc  -DCMAKE_HAVE_LIBC_PTHREAD  -L/usr/local/opt/node@8/lib  -rdynamic CMakeFiles/cmTC_3400c.dir/src.c.o  -o cmTC_3400c 
/usr/bin/ld: CMakeFiles/cmTC_3400c.dir/src.c.o: in function `main':
src.c:(.text+0x3e): undefined reference to `pthread_create'
/usr/bin/ld: src.c:(.text+0x4a): undefined reference to `pthread_detach'
/usr/bin/ld: src.c:(.text+0x5b): undefined reference to `pthread_join'
collect2: error: ld returned 1 exit status
make[1]: *** [CMakeFiles/cmTC_3400c.dir/build.make:87: cmTC_3400c] Error 1
make[1]: Leaving directory '/home/jh/gradius/CMakeFiles/CMakeTmp'
make: *** [Makefile:121: cmTC_3400c/fast] Error 2


Source file was:
#include <pthread.h>

void* test_func(void* data)
{
  return data;
}

int main(void)
{
  pthread_t thread;
  pthread_create(&thread, NULL, test_func, NULL);
  pthread_detach(thread);
  pthread_join(thread, NULL);
  pthread_atfork(NULL, NULL, NULL);
  pthread_exit(NULL);

  return 0;
}

Determining if the function pthread_create exists in the pthreads failed with the following output:
Change Dir: /home/jh/gradius/CMakeFiles/CMakeTmp

Run Build Command(s):/usr/bin/make cmTC_735e5/fast && /usr/bin/make -f CMakeFiles/cmTC_735e5.dir/build.make CMakeFiles/cmTC_735e5.dir/build
make[1]: Entering directory '/home/jh/gradius/CMakeFiles/CMakeTmp'
Building C object CMakeFiles/cmTC_735e5.dir/CheckFunctionExists.c.o
/usr/bin/cc   -DCHECK_FUNCTION_EXISTS=pthread_create   -o CMakeFiles/cmTC_735e5.dir/CheckFunctionExists.c.o   -c /usr/share/cmake-3.16/Modules/CheckFunctionExists.c
Linking C executable cmTC_735e5
/usr/bin/cmake -E cmake_link_script CMakeFiles/cmTC_735e5.dir/link.txt --verbose=1
/usr/bin/cc  -DCHECK_FUNCTION_EXISTS=pthread_create  -L/usr/local/opt/node@8/lib  -rdynamic CMakeFiles/cmTC_735e5.dir/CheckFunctionExists.c.o  -o cmTC_735e5  -lpthreads 
/usr/bin/ld: cannot find -lpthreads
collect2: error: ld returned 1 exit status
make[1]: *** [CMakeFiles/cmTC_735e5.dir/build.make:87: cmTC_735e5] Error 1
make[1]: Leaving directory '/home/jh/gradius/CMakeFiles/CMakeTmp'
make: *** [Makefile:121: cmTC_735e5/fast] Error 2



Performing C SOURCE FILE Test CMAKE_HAVE_LIBC_PTHREAD failed with the following output:
Change Dir: /home/jh/jhworkspace/gradius/CMakeFiles/CMakeTmp

Run Build Command(s):/usr/bin/make cmTC_4051a/fast && /usr/bin/make -f CMakeFiles/cmTC_4051a.dir/build.make CMakeFiles/cmTC_4051a.dir/build
make[1]: Entering directory '/home/jh/jhworkspace/gradius/CMakeFiles/CMakeTmp'
Building C object CMakeFiles/cmTC_4051a.dir/src.c.o
/usr/bin/cc   -DCMAKE_HAVE_LIBC_PTHREAD   -o CMakeFiles/cmTC_4051a.dir/src.c.o   -c /home/jh/jhworkspace/gradius/CMakeFiles/CMakeTmp/src.c
Linking C executable cmTC_4051a
/usr/bin/cmake -E cmake_link_script CMakeFiles/cmTC_4051a.dir/link.txt --verbose=1
/usr/bin/cc  -DCMAKE_HAVE_LIBC_PTHREAD  -L/usr/local/opt/node@8/lib  -rdynamic CMakeFiles/cmTC_4051a.dir/src.c.o  -o cmTC_4051a 
/usr/bin/ld: CMakeFiles/cmTC_4051a.dir/src.c.o: in function `main':
src.c:(.text+0x3e): undefined reference to `pthread_create'
/usr/bin/ld: src.c:(.text+0x4a): undefined reference to `pthread_detach'
/usr/bin/ld: src.c:(.text+0x5b): undefined reference to `pthread_join'
collect2: error: ld returned 1 exit status
make[1]: *** [CMakeFiles/cmTC_4051a.dir/build.make:87: cmTC_4051a] Error 1
make[1]: Leaving directory '/home/jh/jhworkspace/gradius/CMakeFiles/CMakeTmp'
make: *** [Makefile:121: cmTC_4051a/fast] Error 2


Source file was:
#include <pthread.h>

void* test_func(void* data)
{
  return data;
}

int main(void)
{
  pthread_t thread;
  pthread_create(&thread, NULL, test_func, NULL);
  pthread_detach(thread);
  pthread_join(thread, NULL);
  pthread_atfork(NULL, NULL, NULL);
  pthread_exit(NULL);

  return 0;
}

Determining if the function pthread_create exists in the pthreads failed with the following output:
Change Dir: /home/jh/jhworkspace/gradius/CMakeFiles/CMakeTmp

Run Build Command(s):/usr/bin/make cmTC_7be14/fast && /usr/bin/make -f CMakeFiles/cmTC_7be14.dir/build.make CMakeFiles/cmTC_7be14.dir/build
make[1]: Entering directory '/home/jh/jhworkspace/gradius/CMakeFiles/CMakeTmp'
Building C object CMakeFiles/cmTC_7be14.dir/CheckFunctionExists.c.o
/usr/bin/cc   -DCHECK_FUNCTION_EXISTS=pthread_create   -o CMakeFiles/cmTC_7be14.dir/CheckFunctionExists.c.o   -c /usr/share/cmake-3.16/Modules/CheckFunctionExists.c
Linking C executable cmTC_7be14
/usr/bin/cmake -E cmake_link_script CMakeFiles/cmTC_7be14.dir/link.txt --verbose=1
/usr/bin/cc  -DCHECK_FUNCTION_EXISTS=pthread_create  -L/usr/local/opt/node@8/lib  -rdynamic CMakeFiles/cmTC_7be14.dir/CheckFunctionExists.c.o  -o cmTC_7be14  -lpthreads 
/usr/bin/ld: cannot find -lpthreads
collect2: error: ld returned 1 exit status
make[1]: *** [CMakeFiles/cmTC_7be14.dir/build.make:87: cmTC_7be14] Error 1
make[1]: Leaving directory '/home/jh/jhworkspace/gradius/CMakeFiles/CMakeTmp'
make: *** [Makefile:121: cmTC_7be14/fast] Error 2



